<?xml version="1.0" encoding="UTF-8"?>
<!-- Generated by org.testng.reporters.JUnitReportReporter -->
<testsuite hostname="DESKTOP-PTLG0SS" failures="0" tests="2" name="firstTestNGTestP.NewTestC" time="0.014" errors="0" timestamp="2022-05-20T10:48:44 IST" skipped="0">
  <testcase classname="firstTestNGTestP.NewTestC" name="fv" time="0.012"/>
  <system-out/>
  <testcase classname="firstTestNGTestP.NewTestC" name="fa" time="0.002"/>
  <system-out/>
</testsuite> <!-- firstTestNGTestP.NewTestC -->
